{
  "uid" : "6c97c10fb4b6b4d5",
  "name" : "SimpleTestFailed",
  "fullName" : "WhiteCase.CompApp.UiTests.Scenarios.Sample_AllureReportTypes.SimpleTestFailed",
  "historyId" : "WhiteCase.CompApp.UiTests.Scenarios.Sample_AllureReportTypes.SimpleTestFailed",
  "time" : {
    "start" : 1569944184473,
    "stop" : 1569944184615,
    "duration" : 142
  },
  "description" : "OLOLO\n",
  "descriptionHtml" : "<p>OLOLO</p>\n",
  "status" : "failed",
  "statusMessage" : "  Expected: No Exception to be thrown\r\n  But was:  <System.Exception: I'm an exception\r\n   at WhiteCase.CompApp.UiTests.Scenarios.Sample_AllureReportTypes.<>c.<SimpleTestFailed>b__3_0() in C:\\Users\\Ajith.George\\Desktop\\STUDY\\Selenium-WebDriver\\Reporting\\NunitWithAllureReporting_Version1\\NunitWithAllureReporting_Version1\\Sample_AllureReportTypes.cs:line 52\r\n   at NUnit.Framework.Constraints.ThrowsConstraint.VoidInvocationDescriptor.Invoke()\r\n   at NUnit.Framework.Constraints.ThrowsConstraint.ExceptionInterceptor.Intercept(Object invocation)>\r\n",
  "statusTrace" : "   at WhiteCase.CompApp.UiTests.Scenarios.Sample_AllureReportTypes.SimpleTestFailed() in C:\\Users\\Ajith.George\\Desktop\\STUDY\\Selenium-WebDriver\\Reporting\\NunitWithAllureReporting_Version1\\NunitWithAllureReporting_Version1\\Sample_AllureReportTypes.cs:line 50\r\n",
  "flaky" : false,
  "newFailed" : false,
  "beforeStages" : [ {
    "name" : "SetUp",
    "time" : {
      "start" : 1569944184593,
      "stop" : 1569944184593,
      "duration" : 0
    },
    "status" : "passed",
    "steps" : [ ],
    "attachments" : [ ],
    "parameters" : [ ],
    "attachmentsCount" : 0,
    "shouldDisplayMessage" : false,
    "hasContent" : false,
    "stepsCount" : 0
  } ],
  "testStage" : {
    "description" : "OLOLO\n",
    "status" : "failed",
    "statusMessage" : "  Expected: No Exception to be thrown\r\n  But was:  <System.Exception: I'm an exception\r\n   at WhiteCase.CompApp.UiTests.Scenarios.Sample_AllureReportTypes.<>c.<SimpleTestFailed>b__3_0() in C:\\Users\\Ajith.George\\Desktop\\STUDY\\Selenium-WebDriver\\Reporting\\NunitWithAllureReporting_Version1\\NunitWithAllureReporting_Version1\\Sample_AllureReportTypes.cs:line 52\r\n   at NUnit.Framework.Constraints.ThrowsConstraint.VoidInvocationDescriptor.Invoke()\r\n   at NUnit.Framework.Constraints.ThrowsConstraint.ExceptionInterceptor.Intercept(Object invocation)>\r\n",
    "statusTrace" : "   at WhiteCase.CompApp.UiTests.Scenarios.Sample_AllureReportTypes.SimpleTestFailed() in C:\\Users\\Ajith.George\\Desktop\\STUDY\\Selenium-WebDriver\\Reporting\\NunitWithAllureReporting_Version1\\NunitWithAllureReporting_Version1\\Sample_AllureReportTypes.cs:line 50\r\n",
    "steps" : [ {
      "name" : "SimpleTestFailed",
      "time" : {
        "start" : 1569944184475,
        "stop" : 1569944184606,
        "duration" : 131
      },
      "status" : "failed",
      "statusMessage" : "  Expected: No Exception to be thrown\r\n  But was:  <System.Exception: I'm an exception\r\n   at WhiteCase.CompApp.UiTests.Scenarios.Sample_AllureReportTypes.<>c.<SimpleTestFailed>b__3_0() in C:\\Users\\Ajith.George\\Desktop\\STUDY\\Selenium-WebDriver\\Reporting\\NunitWithAllureReporting_Version1\\NunitWithAllureReporting_Version1\\Sample_AllureReportTypes.cs:line 52\r\n   at NUnit.Framework.Constraints.ThrowsConstraint.VoidInvocationDescriptor.Invoke()\r\n   at NUnit.Framework.Constraints.ThrowsConstraint.ExceptionInterceptor.Intercept(Object invocation)>\r\n",
      "statusTrace" : "   at WhiteCase.CompApp.UiTests.Scenarios.Sample_AllureReportTypes.SimpleTestFailed() in C:\\Users\\Ajith.George\\Desktop\\STUDY\\Selenium-WebDriver\\Reporting\\NunitWithAllureReporting_Version1\\NunitWithAllureReporting_Version1\\Sample_AllureReportTypes.cs:line 50\r\n",
      "steps" : [ ],
      "attachments" : [ {
        "uid" : "ead69e8775dd4a5b",
        "name" : "Console Output",
        "source" : "ead69e8775dd4a5b.txt",
        "type" : "text/plain",
        "size" : 41
      } ],
      "parameters" : [ ],
      "attachmentsCount" : 1,
      "shouldDisplayMessage" : true,
      "hasContent" : true,
      "stepsCount" : 0
    } ],
    "attachments" : [ ],
    "parameters" : [ ],
    "attachmentsCount" : 1,
    "shouldDisplayMessage" : false,
    "hasContent" : true,
    "stepsCount" : 1
  },
  "afterStages" : [ ],
  "labels" : [ {
    "name" : "thread",
    "value" : "NonParallelWorker"
  }, {
    "name" : "host",
    "value" : "AGEORGE01"
  }, {
    "name" : "testClass",
    "value" : "WhiteCase.CompApp.UiTests.Scenarios.Sample_AllureReportTypes"
  }, {
    "name" : "testMethod",
    "value" : "SimpleTestFailed"
  }, {
    "name" : "package",
    "value" : "WhiteCase.CompApp.UiTests.Scenarios.Sample_AllureReportTypes"
  }, {
    "name" : "owner",
    "value" : "unickq"
  }, {
    "name" : "suite",
    "value" : "FailedSuite"
  }, {
    "name" : "subSuite",
    "value" : "DoesNotThrow"
  }, {
    "name" : "subSuite",
    "value" : "AllureReportTypeSamples"
  }, {
    "name" : "resultFormat",
    "value" : "allure2"
  } ],
  "parameters" : [ ],
  "links" : [ {
    "name" : "Google",
    "url" : "https://google.com",
    "type" : "link"
  } ],
  "hidden" : false,
  "retry" : false,
  "extra" : {
    "severity" : "normal",
    "owner" : "unickq",
    "retries" : [ {
      "uid" : "e89140c4a248ead5",
      "status" : "failed",
      "statusDetails" : "  Expected: No Exception to be thrown\r\n  But was:  <System.Exception: I'm an exception\r\n   at WhiteCase.CompApp.UiTests.Scenarios.Sample_AllureReportTypes.<>c.<SimpleTestFailed>b__3_0() in C:\\Users\\Ajith.George\\Desktop\\STUDY\\Selenium-WebDriver\\Reporting\\NunitWithAllureReporting_Version1\\NunitWithAllureReporting_Version1\\Sample_AllureReportTypes.cs:line 52\r\n   at NUnit.Framework.Constraints.ThrowsConstraint.VoidInvocationDescriptor.Invoke()\r\n   at NUnit.Framework.Constraints.ThrowsConstraint.ExceptionInterceptor.Intercept(Object invocation)>\r\n",
      "time" : {
        "start" : 1569944050274,
        "stop" : 1569944050358,
        "duration" : 84
      }
    } ],
    "categories" : [ {
      "name" : "Product defects",
      "matchedStatuses" : [ ],
      "flaky" : false
    } ],
    "tags" : [ ]
  },
  "source" : "6c97c10fb4b6b4d5.json",
  "parameterValues" : [ ]
}